/usr/lib/python3/dist-packages/setuptools/dist.py:744: SetuptoolsDeprecationWarning: Invalid dash-separated options
!!

        ********************************************************************************
        Usage of dash-separated 'script-dir' will not be supported in future
        versions. Please use the underscore name 'script_dir' instead.

        This deprecation is overdue, please update your project and remove deprecated
        calls to avoid build errors in the future.

        See https://setuptools.pypa.io/en/latest/userguide/declarative_config.html for details.
        ********************************************************************************

!!
  opt = self.warn_dash_deprecation(opt, section)
running egg_info
creating ../../build/online_adaptive_impedance_control_pkg/online_adaptive_impedance_control_pkg.egg-info
writing ../../build/online_adaptive_impedance_control_pkg/online_adaptive_impedance_control_pkg.egg-info/PKG-INFO
writing dependency_links to ../../build/online_adaptive_impedance_control_pkg/online_adaptive_impedance_control_pkg.egg-info/dependency_links.txt
writing entry points to ../../build/online_adaptive_impedance_control_pkg/online_adaptive_impedance_control_pkg.egg-info/entry_points.txt
writing requirements to ../../build/online_adaptive_impedance_control_pkg/online_adaptive_impedance_control_pkg.egg-info/requires.txt
writing top-level names to ../../build/online_adaptive_impedance_control_pkg/online_adaptive_impedance_control_pkg.egg-info/top_level.txt
writing manifest file '../../build/online_adaptive_impedance_control_pkg/online_adaptive_impedance_control_pkg.egg-info/SOURCES.txt'
reading manifest file '../../build/online_adaptive_impedance_control_pkg/online_adaptive_impedance_control_pkg.egg-info/SOURCES.txt'
writing manifest file '../../build/online_adaptive_impedance_control_pkg/online_adaptive_impedance_control_pkg.egg-info/SOURCES.txt'
running build
running build_py
creating /home/underwater_robot/BRAIN/InteractiveSearchLocomotion/software/controller/interaction_control_modules/alpha/ros2_ws/build/online_adaptive_impedance_control_pkg/build
creating /home/underwater_robot/BRAIN/InteractiveSearchLocomotion/software/controller/interaction_control_modules/alpha/ros2_ws/build/online_adaptive_impedance_control_pkg/build/lib
creating /home/underwater_robot/BRAIN/InteractiveSearchLocomotion/software/controller/interaction_control_modules/alpha/ros2_ws/build/online_adaptive_impedance_control_pkg/build/lib/online_adaptive_impedance_control_pkg
copying online_adaptive_impedance_control_pkg/online_adaptive_impedance_control_node.py -> /home/underwater_robot/BRAIN/InteractiveSearchLocomotion/software/controller/interaction_control_modules/alpha/ros2_ws/build/online_adaptive_impedance_control_pkg/build/lib/online_adaptive_impedance_control_pkg
copying online_adaptive_impedance_control_pkg/muscle_model_new.py -> /home/underwater_robot/BRAIN/InteractiveSearchLocomotion/software/controller/interaction_control_modules/alpha/ros2_ws/build/online_adaptive_impedance_control_pkg/build/lib/online_adaptive_impedance_control_pkg
copying online_adaptive_impedance_control_pkg/lowpass_filter.py -> /home/underwater_robot/BRAIN/InteractiveSearchLocomotion/software/controller/interaction_control_modules/alpha/ros2_ws/build/online_adaptive_impedance_control_pkg/build/lib/online_adaptive_impedance_control_pkg
copying online_adaptive_impedance_control_pkg/__init__.py -> /home/underwater_robot/BRAIN/InteractiveSearchLocomotion/software/controller/interaction_control_modules/alpha/ros2_ws/build/online_adaptive_impedance_control_pkg/build/lib/online_adaptive_impedance_control_pkg
copying online_adaptive_impedance_control_pkg/muscle_model.py -> /home/underwater_robot/BRAIN/InteractiveSearchLocomotion/software/controller/interaction_control_modules/alpha/ros2_ws/build/online_adaptive_impedance_control_pkg/build/lib/online_adaptive_impedance_control_pkg
copying online_adaptive_impedance_control_pkg/muscle_learning.py -> /home/underwater_robot/BRAIN/InteractiveSearchLocomotion/software/controller/interaction_control_modules/alpha/ros2_ws/build/online_adaptive_impedance_control_pkg/build/lib/online_adaptive_impedance_control_pkg
copying online_adaptive_impedance_control_pkg/muscle_model_new_2.py -> /home/underwater_robot/BRAIN/InteractiveSearchLocomotion/software/controller/interaction_control_modules/alpha/ros2_ws/build/online_adaptive_impedance_control_pkg/build/lib/online_adaptive_impedance_control_pkg
copying online_adaptive_impedance_control_pkg/servo_can.py -> /home/underwater_robot/BRAIN/InteractiveSearchLocomotion/software/controller/interaction_control_modules/alpha/ros2_ws/build/online_adaptive_impedance_control_pkg/build/lib/online_adaptive_impedance_control_pkg
copying online_adaptive_impedance_control_pkg/mit_can.py -> /home/underwater_robot/BRAIN/InteractiveSearchLocomotion/software/controller/interaction_control_modules/alpha/ros2_ws/build/online_adaptive_impedance_control_pkg/build/lib/online_adaptive_impedance_control_pkg
running install
running install_lib
creating /home/underwater_robot/BRAIN/InteractiveSearchLocomotion/software/controller/interaction_control_modules/alpha/ros2_ws/install/online_adaptive_impedance_control_pkg/lib/python3.12/site-packages/online_adaptive_impedance_control_pkg
copying /home/underwater_robot/BRAIN/InteractiveSearchLocomotion/software/controller/interaction_control_modules/alpha/ros2_ws/build/online_adaptive_impedance_control_pkg/build/lib/online_adaptive_impedance_control_pkg/online_adaptive_impedance_control_node.py -> /home/underwater_robot/BRAIN/InteractiveSearchLocomotion/software/controller/interaction_control_modules/alpha/ros2_ws/install/online_adaptive_impedance_control_pkg/lib/python3.12/site-packages/online_adaptive_impedance_control_pkg
copying /home/underwater_robot/BRAIN/InteractiveSearchLocomotion/software/controller/interaction_control_modules/alpha/ros2_ws/build/online_adaptive_impedance_control_pkg/build/lib/online_adaptive_impedance_control_pkg/muscle_model_new.py -> /home/underwater_robot/BRAIN/InteractiveSearchLocomotion/software/controller/interaction_control_modules/alpha/ros2_ws/install/online_adaptive_impedance_control_pkg/lib/python3.12/site-packages/online_adaptive_impedance_control_pkg
copying /home/underwater_robot/BRAIN/InteractiveSearchLocomotion/software/controller/interaction_control_modules/alpha/ros2_ws/build/online_adaptive_impedance_control_pkg/build/lib/online_adaptive_impedance_control_pkg/lowpass_filter.py -> /home/underwater_robot/BRAIN/InteractiveSearchLocomotion/software/controller/interaction_control_modules/alpha/ros2_ws/install/online_adaptive_impedance_control_pkg/lib/python3.12/site-packages/online_adaptive_impedance_control_pkg
copying /home/underwater_robot/BRAIN/InteractiveSearchLocomotion/software/controller/interaction_control_modules/alpha/ros2_ws/build/online_adaptive_impedance_control_pkg/build/lib/online_adaptive_impedance_control_pkg/__init__.py -> /home/underwater_robot/BRAIN/InteractiveSearchLocomotion/software/controller/interaction_control_modules/alpha/ros2_ws/install/online_adaptive_impedance_control_pkg/lib/python3.12/site-packages/online_adaptive_impedance_control_pkg
copying /home/underwater_robot/BRAIN/InteractiveSearchLocomotion/software/controller/interaction_control_modules/alpha/ros2_ws/build/online_adaptive_impedance_control_pkg/build/lib/online_adaptive_impedance_control_pkg/muscle_model.py -> /home/underwater_robot/BRAIN/InteractiveSearchLocomotion/software/controller/interaction_control_modules/alpha/ros2_ws/install/online_adaptive_impedance_control_pkg/lib/python3.12/site-packages/online_adaptive_impedance_control_pkg
copying /home/underwater_robot/BRAIN/InteractiveSearchLocomotion/software/controller/interaction_control_modules/alpha/ros2_ws/build/online_adaptive_impedance_control_pkg/build/lib/online_adaptive_impedance_control_pkg/muscle_learning.py -> /home/underwater_robot/BRAIN/InteractiveSearchLocomotion/software/controller/interaction_control_modules/alpha/ros2_ws/install/online_adaptive_impedance_control_pkg/lib/python3.12/site-packages/online_adaptive_impedance_control_pkg
copying /home/underwater_robot/BRAIN/InteractiveSearchLocomotion/software/controller/interaction_control_modules/alpha/ros2_ws/build/online_adaptive_impedance_control_pkg/build/lib/online_adaptive_impedance_control_pkg/muscle_model_new_2.py -> /home/underwater_robot/BRAIN/InteractiveSearchLocomotion/software/controller/interaction_control_modules/alpha/ros2_ws/install/online_adaptive_impedance_control_pkg/lib/python3.12/site-packages/online_adaptive_impedance_control_pkg
copying /home/underwater_robot/BRAIN/InteractiveSearchLocomotion/software/controller/interaction_control_modules/alpha/ros2_ws/build/online_adaptive_impedance_control_pkg/build/lib/online_adaptive_impedance_control_pkg/servo_can.py -> /home/underwater_robot/BRAIN/InteractiveSearchLocomotion/software/controller/interaction_control_modules/alpha/ros2_ws/install/online_adaptive_impedance_control_pkg/lib/python3.12/site-packages/online_adaptive_impedance_control_pkg
copying /home/underwater_robot/BRAIN/InteractiveSearchLocomotion/software/controller/interaction_control_modules/alpha/ros2_ws/build/online_adaptive_impedance_control_pkg/build/lib/online_adaptive_impedance_control_pkg/mit_can.py -> /home/underwater_robot/BRAIN/InteractiveSearchLocomotion/software/controller/interaction_control_modules/alpha/ros2_ws/install/online_adaptive_impedance_control_pkg/lib/python3.12/site-packages/online_adaptive_impedance_control_pkg
byte-compiling /home/underwater_robot/BRAIN/InteractiveSearchLocomotion/software/controller/interaction_control_modules/alpha/ros2_ws/install/online_adaptive_impedance_control_pkg/lib/python3.12/site-packages/online_adaptive_impedance_control_pkg/online_adaptive_impedance_control_node.py to online_adaptive_impedance_control_node.cpython-312.pyc
byte-compiling /home/underwater_robot/BRAIN/InteractiveSearchLocomotion/software/controller/interaction_control_modules/alpha/ros2_ws/install/online_adaptive_impedance_control_pkg/lib/python3.12/site-packages/online_adaptive_impedance_control_pkg/muscle_model_new.py to muscle_model_new.cpython-312.pyc
byte-compiling /home/underwater_robot/BRAIN/InteractiveSearchLocomotion/software/controller/interaction_control_modules/alpha/ros2_ws/install/online_adaptive_impedance_control_pkg/lib/python3.12/site-packages/online_adaptive_impedance_control_pkg/lowpass_filter.py to lowpass_filter.cpython-312.pyc
byte-compiling /home/underwater_robot/BRAIN/InteractiveSearchLocomotion/software/controller/interaction_control_modules/alpha/ros2_ws/install/online_adaptive_impedance_control_pkg/lib/python3.12/site-packages/online_adaptive_impedance_control_pkg/__init__.py to __init__.cpython-312.pyc
byte-compiling /home/underwater_robot/BRAIN/InteractiveSearchLocomotion/software/controller/interaction_control_modules/alpha/ros2_ws/install/online_adaptive_impedance_control_pkg/lib/python3.12/site-packages/online_adaptive_impedance_control_pkg/muscle_model.py to muscle_model.cpython-312.pyc
byte-compiling /home/underwater_robot/BRAIN/InteractiveSearchLocomotion/software/controller/interaction_control_modules/alpha/ros2_ws/install/online_adaptive_impedance_control_pkg/lib/python3.12/site-packages/online_adaptive_impedance_control_pkg/muscle_learning.py to muscle_learning.cpython-312.pyc
byte-compiling /home/underwater_robot/BRAIN/InteractiveSearchLocomotion/software/controller/interaction_control_modules/alpha/ros2_ws/install/online_adaptive_impedance_control_pkg/lib/python3.12/site-packages/online_adaptive_impedance_control_pkg/muscle_model_new_2.py to muscle_model_new_2.cpython-312.pyc
byte-compiling /home/underwater_robot/BRAIN/InteractiveSearchLocomotion/software/controller/interaction_control_modules/alpha/ros2_ws/install/online_adaptive_impedance_control_pkg/lib/python3.12/site-packages/online_adaptive_impedance_control_pkg/servo_can.py to servo_can.cpython-312.pyc
byte-compiling /home/underwater_robot/BRAIN/InteractiveSearchLocomotion/software/controller/interaction_control_modules/alpha/ros2_ws/install/online_adaptive_impedance_control_pkg/lib/python3.12/site-packages/online_adaptive_impedance_control_pkg/mit_can.py to mit_can.cpython-312.pyc
running install_data
creating /home/underwater_robot/BRAIN/InteractiveSearchLocomotion/software/controller/interaction_control_modules/alpha/ros2_ws/install/online_adaptive_impedance_control_pkg/share/ament_index
creating /home/underwater_robot/BRAIN/InteractiveSearchLocomotion/software/controller/interaction_control_modules/alpha/ros2_ws/install/online_adaptive_impedance_control_pkg/share/ament_index/resource_index
creating /home/underwater_robot/BRAIN/InteractiveSearchLocomotion/software/controller/interaction_control_modules/alpha/ros2_ws/install/online_adaptive_impedance_control_pkg/share/ament_index/resource_index/packages
copying resource/online_adaptive_impedance_control_pkg -> /home/underwater_robot/BRAIN/InteractiveSearchLocomotion/software/controller/interaction_control_modules/alpha/ros2_ws/install/online_adaptive_impedance_control_pkg/share/ament_index/resource_index/packages
copying package.xml -> /home/underwater_robot/BRAIN/InteractiveSearchLocomotion/software/controller/interaction_control_modules/alpha/ros2_ws/install/online_adaptive_impedance_control_pkg/share/online_adaptive_impedance_control_pkg
running install_egg_info
Copying ../../build/online_adaptive_impedance_control_pkg/online_adaptive_impedance_control_pkg.egg-info to /home/underwater_robot/BRAIN/InteractiveSearchLocomotion/software/controller/interaction_control_modules/alpha/ros2_ws/install/online_adaptive_impedance_control_pkg/lib/python3.12/site-packages/online_adaptive_impedance_control_pkg-0.0.0-py3.12.egg-info
running install_scripts
Installing muscle_learning_node script to /home/underwater_robot/BRAIN/InteractiveSearchLocomotion/software/controller/interaction_control_modules/alpha/ros2_ws/install/online_adaptive_impedance_control_pkg/lib/online_adaptive_impedance_control_pkg
Installing online_adaptive_impedance_control_node script to /home/underwater_robot/BRAIN/InteractiveSearchLocomotion/software/controller/interaction_control_modules/alpha/ros2_ws/install/online_adaptive_impedance_control_pkg/lib/online_adaptive_impedance_control_pkg
writing list of installed files to '/home/underwater_robot/BRAIN/InteractiveSearchLocomotion/software/controller/interaction_control_modules/alpha/ros2_ws/build/online_adaptive_impedance_control_pkg/install.log'
