[0.459s] Invoking command in '/home/refine2/InteractiveSearchLocomotion/software/controller/interaction_control_modules/alpha/ros2_ws/src/online_adaptive_impedance_control_pkg': PYTHONPATH=/home/refine2/InteractiveSearchLocomotion/software/controller/interaction_control_modules/alpha/ros2_ws/build/online_adaptive_impedance_control_pkg/prefix_override:/usr/lib/python3/dist-packages/colcon_core/task/python/colcon_distutils_commands:/home/refine2/InteractiveSearchLocomotion/software/controller/interaction_control_modules/alpha/ros2_ws/install/online_adaptive_impedance_control_pkg/lib/python3.10/site-packages:${PYTHONPATH} /usr/bin/python3 -W ignore:setup.py install is deprecated -W ignore:easy_install command is deprecated setup.py egg_info --egg-base ../../build/online_adaptive_impedance_control_pkg build --build-base /home/refine2/InteractiveSearchLocomotion/software/controller/interaction_control_modules/alpha/ros2_ws/build/online_adaptive_impedance_control_pkg/build install --record /home/refine2/InteractiveSearchLocomotion/software/controller/interaction_control_modules/alpha/ros2_ws/build/online_adaptive_impedance_control_pkg/install.log --install-scripts $base/lib/online_adaptive_impedance_control_pkg --single-version-externally-managed install_data
[0.602s] /usr/lib/python3/dist-packages/setuptools/dist.py:723: UserWarning: Usage of dash-separated 'script-dir' will not be supported in future versions. Please use the underscore name 'script_dir' instead
[0.602s]   warnings.warn(
[0.606s] running egg_info
[0.606s] writing ../../build/online_adaptive_impedance_control_pkg/online_adaptive_impedance_control_pkg.egg-info/PKG-INFO
[0.607s] writing dependency_links to ../../build/online_adaptive_impedance_control_pkg/online_adaptive_impedance_control_pkg.egg-info/dependency_links.txt
[0.607s] writing entry points to ../../build/online_adaptive_impedance_control_pkg/online_adaptive_impedance_control_pkg.egg-info/entry_points.txt
[0.607s] writing requirements to ../../build/online_adaptive_impedance_control_pkg/online_adaptive_impedance_control_pkg.egg-info/requires.txt
[0.607s] writing top-level names to ../../build/online_adaptive_impedance_control_pkg/online_adaptive_impedance_control_pkg.egg-info/top_level.txt
[0.608s] reading manifest file '../../build/online_adaptive_impedance_control_pkg/online_adaptive_impedance_control_pkg.egg-info/SOURCES.txt'
[0.608s] writing manifest file '../../build/online_adaptive_impedance_control_pkg/online_adaptive_impedance_control_pkg.egg-info/SOURCES.txt'
[0.608s] running build
[0.608s] running build_py
[0.609s] running install
[0.609s] running install_lib
[0.610s] running install_data
[0.610s] running install_egg_info
[0.611s] removing '/home/refine2/InteractiveSearchLocomotion/software/controller/interaction_control_modules/alpha/ros2_ws/install/online_adaptive_impedance_control_pkg/lib/python3.10/site-packages/online_adaptive_impedance_control_pkg-0.0.0-py3.10.egg-info' (and everything under it)
[0.611s] Copying ../../build/online_adaptive_impedance_control_pkg/online_adaptive_impedance_control_pkg.egg-info to /home/refine2/InteractiveSearchLocomotion/software/controller/interaction_control_modules/alpha/ros2_ws/install/online_adaptive_impedance_control_pkg/lib/python3.10/site-packages/online_adaptive_impedance_control_pkg-0.0.0-py3.10.egg-info
[0.612s] running install_scripts
[0.625s] Installing muscle_learning_node script to /home/refine2/InteractiveSearchLocomotion/software/controller/interaction_control_modules/alpha/ros2_ws/install/online_adaptive_impedance_control_pkg/lib/online_adaptive_impedance_control_pkg
[0.625s] Installing online_adaptive_impedance_control_node script to /home/refine2/InteractiveSearchLocomotion/software/controller/interaction_control_modules/alpha/ros2_ws/install/online_adaptive_impedance_control_pkg/lib/online_adaptive_impedance_control_pkg
[0.625s] writing list of installed files to '/home/refine2/InteractiveSearchLocomotion/software/controller/interaction_control_modules/alpha/ros2_ws/build/online_adaptive_impedance_control_pkg/install.log'
[0.645s] Invoked command in '/home/refine2/InteractiveSearchLocomotion/software/controller/interaction_control_modules/alpha/ros2_ws/src/online_adaptive_impedance_control_pkg' returned '0': PYTHONPATH=/home/refine2/InteractiveSearchLocomotion/software/controller/interaction_control_modules/alpha/ros2_ws/build/online_adaptive_impedance_control_pkg/prefix_override:/usr/lib/python3/dist-packages/colcon_core/task/python/colcon_distutils_commands:/home/refine2/InteractiveSearchLocomotion/software/controller/interaction_control_modules/alpha/ros2_ws/install/online_adaptive_impedance_control_pkg/lib/python3.10/site-packages:${PYTHONPATH} /usr/bin/python3 -W ignore:setup.py install is deprecated -W ignore:easy_install command is deprecated setup.py egg_info --egg-base ../../build/online_adaptive_impedance_control_pkg build --build-base /home/refine2/InteractiveSearchLocomotion/software/controller/interaction_control_modules/alpha/ros2_ws/build/online_adaptive_impedance_control_pkg/build install --record /home/refine2/InteractiveSearchLocomotion/software/controller/interaction_control_modules/alpha/ros2_ws/build/online_adaptive_impedance_control_pkg/install.log --install-scripts $base/lib/online_adaptive_impedance_control_pkg --single-version-externally-managed install_data
