/home/runj/BRAIN/InteractiveSearchLocomotion/software/controller/interaction_control_modules/alpha/ros2_ws/install/underwater_robot_pkg/lib/python3.10/site-packages/underwater_robot_pkg/muscle_model.py
/home/runj/BRAIN/InteractiveSearchLocomotion/software/controller/interaction_control_modules/alpha/ros2_ws/install/underwater_robot_pkg/lib/python3.10/site-packages/underwater_robot_pkg/underwater_robot_node.py
/home/runj/BRAIN/InteractiveSearchLocomotion/software/controller/interaction_control_modules/alpha/ros2_ws/install/underwater_robot_pkg/lib/python3.10/site-packages/underwater_robot_pkg/lowpass_filter.py
/home/runj/BRAIN/InteractiveSearchLocomotion/software/controller/interaction_control_modules/alpha/ros2_ws/install/underwater_robot_pkg/lib/python3.10/site-packages/underwater_robot_pkg/muscle_model_new.py
/home/runj/BRAIN/InteractiveSearchLocomotion/software/controller/interaction_control_modules/alpha/ros2_ws/install/underwater_robot_pkg/lib/python3.10/site-packages/underwater_robot_pkg/__init__.py
/home/runj/BRAIN/InteractiveSearchLocomotion/software/controller/interaction_control_modules/alpha/ros2_ws/install/underwater_robot_pkg/lib/python3.10/site-packages/underwater_robot_pkg/can_manager.py
/home/runj/BRAIN/InteractiveSearchLocomotion/software/controller/interaction_control_modules/alpha/ros2_ws/install/underwater_robot_pkg/lib/python3.10/site-packages/underwater_robot_pkg/rmd_motor_can.py
/home/runj/BRAIN/InteractiveSearchLocomotion/software/controller/interaction_control_modules/alpha/ros2_ws/install/underwater_robot_pkg/lib/python3.10/site-packages/underwater_robot_pkg/__pycache__/muscle_model.cpython-310.pyc
/home/runj/BRAIN/InteractiveSearchLocomotion/software/controller/interaction_control_modules/alpha/ros2_ws/install/underwater_robot_pkg/lib/python3.10/site-packages/underwater_robot_pkg/__pycache__/underwater_robot_node.cpython-310.pyc
/home/runj/BRAIN/InteractiveSearchLocomotion/software/controller/interaction_control_modules/alpha/ros2_ws/install/underwater_robot_pkg/lib/python3.10/site-packages/underwater_robot_pkg/__pycache__/lowpass_filter.cpython-310.pyc
/home/runj/BRAIN/InteractiveSearchLocomotion/software/controller/interaction_control_modules/alpha/ros2_ws/install/underwater_robot_pkg/lib/python3.10/site-packages/underwater_robot_pkg/__pycache__/muscle_model_new.cpython-310.pyc
/home/runj/BRAIN/InteractiveSearchLocomotion/software/controller/interaction_control_modules/alpha/ros2_ws/install/underwater_robot_pkg/lib/python3.10/site-packages/underwater_robot_pkg/__pycache__/__init__.cpython-310.pyc
/home/runj/BRAIN/InteractiveSearchLocomotion/software/controller/interaction_control_modules/alpha/ros2_ws/install/underwater_robot_pkg/lib/python3.10/site-packages/underwater_robot_pkg/__pycache__/can_manager.cpython-310.pyc
/home/runj/BRAIN/InteractiveSearchLocomotion/software/controller/interaction_control_modules/alpha/ros2_ws/install/underwater_robot_pkg/lib/python3.10/site-packages/underwater_robot_pkg/__pycache__/rmd_motor_can.cpython-310.pyc
/home/runj/BRAIN/InteractiveSearchLocomotion/software/controller/interaction_control_modules/alpha/ros2_ws/install/underwater_robot_pkg/share/ament_index/resource_index/packages/underwater_robot_pkg
/home/runj/BRAIN/InteractiveSearchLocomotion/software/controller/interaction_control_modules/alpha/ros2_ws/install/underwater_robot_pkg/share/underwater_robot_pkg/package.xml
/home/runj/BRAIN/InteractiveSearchLocomotion/software/controller/interaction_control_modules/alpha/ros2_ws/install/underwater_robot_pkg/lib/python3.10/site-packages/underwater_robot_pkg-0.0.0-py3.10.egg-info/SOURCES.txt
/home/runj/BRAIN/InteractiveSearchLocomotion/software/controller/interaction_control_modules/alpha/ros2_ws/install/underwater_robot_pkg/lib/python3.10/site-packages/underwater_robot_pkg-0.0.0-py3.10.egg-info/PKG-INFO
/home/runj/BRAIN/InteractiveSearchLocomotion/software/controller/interaction_control_modules/alpha/ros2_ws/install/underwater_robot_pkg/lib/python3.10/site-packages/underwater_robot_pkg-0.0.0-py3.10.egg-info/zip-safe
/home/runj/BRAIN/InteractiveSearchLocomotion/software/controller/interaction_control_modules/alpha/ros2_ws/install/underwater_robot_pkg/lib/python3.10/site-packages/underwater_robot_pkg-0.0.0-py3.10.egg-info/requires.txt
/home/runj/BRAIN/InteractiveSearchLocomotion/software/controller/interaction_control_modules/alpha/ros2_ws/install/underwater_robot_pkg/lib/python3.10/site-packages/underwater_robot_pkg-0.0.0-py3.10.egg-info/top_level.txt
/home/runj/BRAIN/InteractiveSearchLocomotion/software/controller/interaction_control_modules/alpha/ros2_ws/install/underwater_robot_pkg/lib/python3.10/site-packages/underwater_robot_pkg-0.0.0-py3.10.egg-info/entry_points.txt
/home/runj/BRAIN/InteractiveSearchLocomotion/software/controller/interaction_control_modules/alpha/ros2_ws/install/underwater_robot_pkg/lib/python3.10/site-packages/underwater_robot_pkg-0.0.0-py3.10.egg-info/dependency_links.txt
/home/runj/BRAIN/InteractiveSearchLocomotion/software/controller/interaction_control_modules/alpha/ros2_ws/install/underwater_robot_pkg/lib/underwater_robot_pkg/underwater_robot_node
