[0.604s] Invoking command in '/home/runj/BRAIN/InteractiveSearchLocomotion/software/controller/interaction_control_modules/alpha/ros2_ws/src/underwater_robot_pkg': PYTHONPATH=/home/runj/BRAIN/InteractiveSearchLocomotion/software/controller/interaction_control_modules/alpha/ros2_ws/build/underwater_robot_pkg/prefix_override:/usr/lib/python3/dist-packages/colcon_core/task/python/colcon_distutils_commands:/home/runj/BRAIN/InteractiveSearchLocomotion/software/controller/interaction_control_modules/alpha/ros2_ws/install/underwater_robot_pkg/lib/python3.10/site-packages:${PYTHONPATH} /usr/bin/python3 -W ignore:setup.py install is deprecated -W ignore:easy_install command is deprecated setup.py egg_info --egg-base ../../build/underwater_robot_pkg build --build-base /home/runj/BRAIN/InteractiveSearchLocomotion/software/controller/interaction_control_modules/alpha/ros2_ws/build/underwater_robot_pkg/build install --record /home/runj/BRAIN/InteractiveSearchLocomotion/software/controller/interaction_control_modules/alpha/ros2_ws/build/underwater_robot_pkg/install.log --single-version-externally-managed install_data
[0.770s] running egg_info
[0.771s] writing ../../build/underwater_robot_pkg/underwater_robot_pkg.egg-info/PKG-INFO
[0.771s] writing dependency_links to ../../build/underwater_robot_pkg/underwater_robot_pkg.egg-info/dependency_links.txt
[0.771s] writing entry points to ../../build/underwater_robot_pkg/underwater_robot_pkg.egg-info/entry_points.txt
[0.771s] writing requirements to ../../build/underwater_robot_pkg/underwater_robot_pkg.egg-info/requires.txt
[0.771s] writing top-level names to ../../build/underwater_robot_pkg/underwater_robot_pkg.egg-info/top_level.txt
[0.772s] reading manifest file '../../build/underwater_robot_pkg/underwater_robot_pkg.egg-info/SOURCES.txt'
[0.773s] adding license file 'LICENSE'
[0.773s] writing manifest file '../../build/underwater_robot_pkg/underwater_robot_pkg.egg-info/SOURCES.txt'
[0.773s] running build
[0.773s] running build_py
[0.774s] copying underwater_robot_pkg/underwater_robot_node.py -> /home/runj/BRAIN/InteractiveSearchLocomotion/software/controller/interaction_control_modules/alpha/ros2_ws/build/underwater_robot_pkg/build/lib/underwater_robot_pkg
[0.774s] running install
[0.774s] running install_lib
[0.774s] copying /home/runj/BRAIN/InteractiveSearchLocomotion/software/controller/interaction_control_modules/alpha/ros2_ws/build/underwater_robot_pkg/build/lib/underwater_robot_pkg/underwater_robot_node.py -> /home/runj/BRAIN/InteractiveSearchLocomotion/software/controller/interaction_control_modules/alpha/ros2_ws/install/underwater_robot_pkg/lib/python3.10/site-packages/underwater_robot_pkg
[0.775s] byte-compiling /home/runj/BRAIN/InteractiveSearchLocomotion/software/controller/interaction_control_modules/alpha/ros2_ws/install/underwater_robot_pkg/lib/python3.10/site-packages/underwater_robot_pkg/underwater_robot_node.py to underwater_robot_node.cpython-310.pyc
[0.776s] running install_data
[0.776s] running install_egg_info
[0.777s] removing '/home/runj/BRAIN/InteractiveSearchLocomotion/software/controller/interaction_control_modules/alpha/ros2_ws/install/underwater_robot_pkg/lib/python3.10/site-packages/underwater_robot_pkg-0.0.0-py3.10.egg-info' (and everything under it)
[0.778s] Copying ../../build/underwater_robot_pkg/underwater_robot_pkg.egg-info to /home/runj/BRAIN/InteractiveSearchLocomotion/software/controller/interaction_control_modules/alpha/ros2_ws/install/underwater_robot_pkg/lib/python3.10/site-packages/underwater_robot_pkg-0.0.0-py3.10.egg-info
[0.778s] running install_scripts
[0.793s] Installing underwater_robot_node script to /home/runj/BRAIN/InteractiveSearchLocomotion/software/controller/interaction_control_modules/alpha/ros2_ws/install/underwater_robot_pkg/lib/underwater_robot_pkg
[0.793s] writing list of installed files to '/home/runj/BRAIN/InteractiveSearchLocomotion/software/controller/interaction_control_modules/alpha/ros2_ws/build/underwater_robot_pkg/install.log'
[0.814s] Invoked command in '/home/runj/BRAIN/InteractiveSearchLocomotion/software/controller/interaction_control_modules/alpha/ros2_ws/src/underwater_robot_pkg' returned '0': PYTHONPATH=/home/runj/BRAIN/InteractiveSearchLocomotion/software/controller/interaction_control_modules/alpha/ros2_ws/build/underwater_robot_pkg/prefix_override:/usr/lib/python3/dist-packages/colcon_core/task/python/colcon_distutils_commands:/home/runj/BRAIN/InteractiveSearchLocomotion/software/controller/interaction_control_modules/alpha/ros2_ws/install/underwater_robot_pkg/lib/python3.10/site-packages:${PYTHONPATH} /usr/bin/python3 -W ignore:setup.py install is deprecated -W ignore:easy_install command is deprecated setup.py egg_info --egg-base ../../build/underwater_robot_pkg build --build-base /home/runj/BRAIN/InteractiveSearchLocomotion/software/controller/interaction_control_modules/alpha/ros2_ws/build/underwater_robot_pkg/build install --record /home/runj/BRAIN/InteractiveSearchLocomotion/software/controller/interaction_control_modules/alpha/ros2_ws/build/underwater_robot_pkg/install.log --single-version-externally-managed install_data
