[0.493s] Invoking command in '/home/runj/BRAIN/InteractiveSearchLocomotion/software/controller/interaction_control_modules/alpha/ros2_ws/src/online_adaptive_impedance_control_pkg': PYTHONPATH=/home/runj/BRAIN/InteractiveSearchLocomotion/software/controller/interaction_control_modules/alpha/ros2_ws/build/online_adaptive_impedance_control_pkg/prefix_override:/usr/lib/python3/dist-packages/colcon_core/task/python/colcon_distutils_commands:/home/runj/BRAIN/InteractiveSearchLocomotion/software/controller/interaction_control_modules/alpha/ros2_ws/install/online_adaptive_impedance_control_pkg/lib/python3.10/site-packages:${PYTHONPATH} /usr/bin/python3 -W ignore:setup.py install is deprecated -W ignore:easy_install command is deprecated setup.py egg_info --egg-base ../../build/online_adaptive_impedance_control_pkg build --build-base /home/runj/BRAIN/InteractiveSearchLocomotion/software/controller/interaction_control_modules/alpha/ros2_ws/build/online_adaptive_impedance_control_pkg/build install --record /home/runj/BRAIN/InteractiveSearchLocomotion/software/controller/interaction_control_modules/alpha/ros2_ws/build/online_adaptive_impedance_control_pkg/install.log --install-scripts $base/lib/online_adaptive_impedance_control_pkg --single-version-externally-managed install_data
[0.658s] /usr/lib/python3/dist-packages/setuptools/dist.py:723: UserWarning: Usage of dash-separated 'script-dir' will not be supported in future versions. Please use the underscore name 'script_dir' instead
[0.658s]   warnings.warn(
[0.664s] running egg_info
[0.664s] creating ../../build/online_adaptive_impedance_control_pkg/online_adaptive_impedance_control_pkg.egg-info
[0.664s] writing ../../build/online_adaptive_impedance_control_pkg/online_adaptive_impedance_control_pkg.egg-info/PKG-INFO
[0.665s] writing dependency_links to ../../build/online_adaptive_impedance_control_pkg/online_adaptive_impedance_control_pkg.egg-info/dependency_links.txt
[0.665s] writing entry points to ../../build/online_adaptive_impedance_control_pkg/online_adaptive_impedance_control_pkg.egg-info/entry_points.txt
[0.665s] writing requirements to ../../build/online_adaptive_impedance_control_pkg/online_adaptive_impedance_control_pkg.egg-info/requires.txt
[0.665s] writing top-level names to ../../build/online_adaptive_impedance_control_pkg/online_adaptive_impedance_control_pkg.egg-info/top_level.txt
[0.665s] writing manifest file '../../build/online_adaptive_impedance_control_pkg/online_adaptive_impedance_control_pkg.egg-info/SOURCES.txt'
[0.666s] reading manifest file '../../build/online_adaptive_impedance_control_pkg/online_adaptive_impedance_control_pkg.egg-info/SOURCES.txt'
[0.666s] writing manifest file '../../build/online_adaptive_impedance_control_pkg/online_adaptive_impedance_control_pkg.egg-info/SOURCES.txt'
[0.666s] running build
[0.666s] running build_py
[0.666s] creating /home/runj/BRAIN/InteractiveSearchLocomotion/software/controller/interaction_control_modules/alpha/ros2_ws/build/online_adaptive_impedance_control_pkg/build
[0.666s] creating /home/runj/BRAIN/InteractiveSearchLocomotion/software/controller/interaction_control_modules/alpha/ros2_ws/build/online_adaptive_impedance_control_pkg/build/lib
[0.666s] creating /home/runj/BRAIN/InteractiveSearchLocomotion/software/controller/interaction_control_modules/alpha/ros2_ws/build/online_adaptive_impedance_control_pkg/build/lib/online_adaptive_impedance_control_pkg
[0.667s] copying online_adaptive_impedance_control_pkg/muscle_model.py -> /home/runj/BRAIN/InteractiveSearchLocomotion/software/controller/interaction_control_modules/alpha/ros2_ws/build/online_adaptive_impedance_control_pkg/build/lib/online_adaptive_impedance_control_pkg
[0.667s] copying online_adaptive_impedance_control_pkg/online_adaptive_impedance_control_node.py -> /home/runj/BRAIN/InteractiveSearchLocomotion/software/controller/interaction_control_modules/alpha/ros2_ws/build/online_adaptive_impedance_control_pkg/build/lib/online_adaptive_impedance_control_pkg
[0.667s] copying online_adaptive_impedance_control_pkg/lowpass_filter.py -> /home/runj/BRAIN/InteractiveSearchLocomotion/software/controller/interaction_control_modules/alpha/ros2_ws/build/online_adaptive_impedance_control_pkg/build/lib/online_adaptive_impedance_control_pkg
[0.667s] copying online_adaptive_impedance_control_pkg/muscle_model_new.py -> /home/runj/BRAIN/InteractiveSearchLocomotion/software/controller/interaction_control_modules/alpha/ros2_ws/build/online_adaptive_impedance_control_pkg/build/lib/online_adaptive_impedance_control_pkg
[0.667s] copying online_adaptive_impedance_control_pkg/mit_can.py -> /home/runj/BRAIN/InteractiveSearchLocomotion/software/controller/interaction_control_modules/alpha/ros2_ws/build/online_adaptive_impedance_control_pkg/build/lib/online_adaptive_impedance_control_pkg
[0.667s] copying online_adaptive_impedance_control_pkg/__init__.py -> /home/runj/BRAIN/InteractiveSearchLocomotion/software/controller/interaction_control_modules/alpha/ros2_ws/build/online_adaptive_impedance_control_pkg/build/lib/online_adaptive_impedance_control_pkg
[0.667s] copying online_adaptive_impedance_control_pkg/muscle_learning.py -> /home/runj/BRAIN/InteractiveSearchLocomotion/software/controller/interaction_control_modules/alpha/ros2_ws/build/online_adaptive_impedance_control_pkg/build/lib/online_adaptive_impedance_control_pkg
[0.668s] copying online_adaptive_impedance_control_pkg/servo_can.py -> /home/runj/BRAIN/InteractiveSearchLocomotion/software/controller/interaction_control_modules/alpha/ros2_ws/build/online_adaptive_impedance_control_pkg/build/lib/online_adaptive_impedance_control_pkg
[0.668s] copying online_adaptive_impedance_control_pkg/muscle_model_new_2.py -> /home/runj/BRAIN/InteractiveSearchLocomotion/software/controller/interaction_control_modules/alpha/ros2_ws/build/online_adaptive_impedance_control_pkg/build/lib/online_adaptive_impedance_control_pkg
[0.668s] running install
[0.668s] running install_lib
[0.669s] creating /home/runj/BRAIN/InteractiveSearchLocomotion/software/controller/interaction_control_modules/alpha/ros2_ws/install/online_adaptive_impedance_control_pkg/lib/python3.10/site-packages/online_adaptive_impedance_control_pkg
[0.669s] copying /home/runj/BRAIN/InteractiveSearchLocomotion/software/controller/interaction_control_modules/alpha/ros2_ws/build/online_adaptive_impedance_control_pkg/build/lib/online_adaptive_impedance_control_pkg/muscle_model.py -> /home/runj/BRAIN/InteractiveSearchLocomotion/software/controller/interaction_control_modules/alpha/ros2_ws/install/online_adaptive_impedance_control_pkg/lib/python3.10/site-packages/online_adaptive_impedance_control_pkg
[0.669s] copying /home/runj/BRAIN/InteractiveSearchLocomotion/software/controller/interaction_control_modules/alpha/ros2_ws/build/online_adaptive_impedance_control_pkg/build/lib/online_adaptive_impedance_control_pkg/online_adaptive_impedance_control_node.py -> /home/runj/BRAIN/InteractiveSearchLocomotion/software/controller/interaction_control_modules/alpha/ros2_ws/install/online_adaptive_impedance_control_pkg/lib/python3.10/site-packages/online_adaptive_impedance_control_pkg
[0.669s] copying /home/runj/BRAIN/InteractiveSearchLocomotion/software/controller/interaction_control_modules/alpha/ros2_ws/build/online_adaptive_impedance_control_pkg/build/lib/online_adaptive_impedance_control_pkg/lowpass_filter.py -> /home/runj/BRAIN/InteractiveSearchLocomotion/software/controller/interaction_control_modules/alpha/ros2_ws/install/online_adaptive_impedance_control_pkg/lib/python3.10/site-packages/online_adaptive_impedance_control_pkg
[0.669s] copying /home/runj/BRAIN/InteractiveSearchLocomotion/software/controller/interaction_control_modules/alpha/ros2_ws/build/online_adaptive_impedance_control_pkg/build/lib/online_adaptive_impedance_control_pkg/muscle_model_new.py -> /home/runj/BRAIN/InteractiveSearchLocomotion/software/controller/interaction_control_modules/alpha/ros2_ws/install/online_adaptive_impedance_control_pkg/lib/python3.10/site-packages/online_adaptive_impedance_control_pkg
[0.669s] copying /home/runj/BRAIN/InteractiveSearchLocomotion/software/controller/interaction_control_modules/alpha/ros2_ws/build/online_adaptive_impedance_control_pkg/build/lib/online_adaptive_impedance_control_pkg/mit_can.py -> /home/runj/BRAIN/InteractiveSearchLocomotion/software/controller/interaction_control_modules/alpha/ros2_ws/install/online_adaptive_impedance_control_pkg/lib/python3.10/site-packages/online_adaptive_impedance_control_pkg
[0.669s] copying /home/runj/BRAIN/InteractiveSearchLocomotion/software/controller/interaction_control_modules/alpha/ros2_ws/build/online_adaptive_impedance_control_pkg/build/lib/online_adaptive_impedance_control_pkg/__init__.py -> /home/runj/BRAIN/InteractiveSearchLocomotion/software/controller/interaction_control_modules/alpha/ros2_ws/install/online_adaptive_impedance_control_pkg/lib/python3.10/site-packages/online_adaptive_impedance_control_pkg
[0.670s] copying /home/runj/BRAIN/InteractiveSearchLocomotion/software/controller/interaction_control_modules/alpha/ros2_ws/build/online_adaptive_impedance_control_pkg/build/lib/online_adaptive_impedance_control_pkg/muscle_learning.py -> /home/runj/BRAIN/InteractiveSearchLocomotion/software/controller/interaction_control_modules/alpha/ros2_ws/install/online_adaptive_impedance_control_pkg/lib/python3.10/site-packages/online_adaptive_impedance_control_pkg
[0.670s] copying /home/runj/BRAIN/InteractiveSearchLocomotion/software/controller/interaction_control_modules/alpha/ros2_ws/build/online_adaptive_impedance_control_pkg/build/lib/online_adaptive_impedance_control_pkg/servo_can.py -> /home/runj/BRAIN/InteractiveSearchLocomotion/software/controller/interaction_control_modules/alpha/ros2_ws/install/online_adaptive_impedance_control_pkg/lib/python3.10/site-packages/online_adaptive_impedance_control_pkg
[0.670s] copying /home/runj/BRAIN/InteractiveSearchLocomotion/software/controller/interaction_control_modules/alpha/ros2_ws/build/online_adaptive_impedance_control_pkg/build/lib/online_adaptive_impedance_control_pkg/muscle_model_new_2.py -> /home/runj/BRAIN/InteractiveSearchLocomotion/software/controller/interaction_control_modules/alpha/ros2_ws/install/online_adaptive_impedance_control_pkg/lib/python3.10/site-packages/online_adaptive_impedance_control_pkg
[0.670s] byte-compiling /home/runj/BRAIN/InteractiveSearchLocomotion/software/controller/interaction_control_modules/alpha/ros2_ws/install/online_adaptive_impedance_control_pkg/lib/python3.10/site-packages/online_adaptive_impedance_control_pkg/muscle_model.py to muscle_model.cpython-310.pyc
[0.670s] byte-compiling /home/runj/BRAIN/InteractiveSearchLocomotion/software/controller/interaction_control_modules/alpha/ros2_ws/install/online_adaptive_impedance_control_pkg/lib/python3.10/site-packages/online_adaptive_impedance_control_pkg/online_adaptive_impedance_control_node.py to online_adaptive_impedance_control_node.cpython-310.pyc
[0.671s] byte-compiling /home/runj/BRAIN/InteractiveSearchLocomotion/software/controller/interaction_control_modules/alpha/ros2_ws/install/online_adaptive_impedance_control_pkg/lib/python3.10/site-packages/online_adaptive_impedance_control_pkg/lowpass_filter.py to lowpass_filter.cpython-310.pyc
[0.671s] byte-compiling /home/runj/BRAIN/InteractiveSearchLocomotion/software/controller/interaction_control_modules/alpha/ros2_ws/install/online_adaptive_impedance_control_pkg/lib/python3.10/site-packages/online_adaptive_impedance_control_pkg/muscle_model_new.py to muscle_model_new.cpython-310.pyc
[0.671s] byte-compiling /home/runj/BRAIN/InteractiveSearchLocomotion/software/controller/interaction_control_modules/alpha/ros2_ws/install/online_adaptive_impedance_control_pkg/lib/python3.10/site-packages/online_adaptive_impedance_control_pkg/mit_can.py to mit_can.cpython-310.pyc
[0.675s] byte-compiling /home/runj/BRAIN/InteractiveSearchLocomotion/software/controller/interaction_control_modules/alpha/ros2_ws/install/online_adaptive_impedance_control_pkg/lib/python3.10/site-packages/online_adaptive_impedance_control_pkg/__init__.py to __init__.cpython-310.pyc
[0.675s] byte-compiling /home/runj/BRAIN/InteractiveSearchLocomotion/software/controller/interaction_control_modules/alpha/ros2_ws/install/online_adaptive_impedance_control_pkg/lib/python3.10/site-packages/online_adaptive_impedance_control_pkg/muscle_learning.py to muscle_learning.cpython-310.pyc
[0.676s] byte-compiling /home/runj/BRAIN/InteractiveSearchLocomotion/software/controller/interaction_control_modules/alpha/ros2_ws/install/online_adaptive_impedance_control_pkg/lib/python3.10/site-packages/online_adaptive_impedance_control_pkg/servo_can.py to servo_can.cpython-310.pyc
[0.678s] byte-compiling /home/runj/BRAIN/InteractiveSearchLocomotion/software/controller/interaction_control_modules/alpha/ros2_ws/install/online_adaptive_impedance_control_pkg/lib/python3.10/site-packages/online_adaptive_impedance_control_pkg/muscle_model_new_2.py to muscle_model_new_2.cpython-310.pyc
[0.679s] running install_data
[0.679s] creating /home/runj/BRAIN/InteractiveSearchLocomotion/software/controller/interaction_control_modules/alpha/ros2_ws/install/online_adaptive_impedance_control_pkg/share/ament_index
[0.679s] creating /home/runj/BRAIN/InteractiveSearchLocomotion/software/controller/interaction_control_modules/alpha/ros2_ws/install/online_adaptive_impedance_control_pkg/share/ament_index/resource_index
[0.679s] creating /home/runj/BRAIN/InteractiveSearchLocomotion/software/controller/interaction_control_modules/alpha/ros2_ws/install/online_adaptive_impedance_control_pkg/share/ament_index/resource_index/packages
[0.679s] copying resource/online_adaptive_impedance_control_pkg -> /home/runj/BRAIN/InteractiveSearchLocomotion/software/controller/interaction_control_modules/alpha/ros2_ws/install/online_adaptive_impedance_control_pkg/share/ament_index/resource_index/packages
[0.679s] copying package.xml -> /home/runj/BRAIN/InteractiveSearchLocomotion/software/controller/interaction_control_modules/alpha/ros2_ws/install/online_adaptive_impedance_control_pkg/share/online_adaptive_impedance_control_pkg
[0.679s] running install_egg_info
[0.680s] Copying ../../build/online_adaptive_impedance_control_pkg/online_adaptive_impedance_control_pkg.egg-info to /home/runj/BRAIN/InteractiveSearchLocomotion/software/controller/interaction_control_modules/alpha/ros2_ws/install/online_adaptive_impedance_control_pkg/lib/python3.10/site-packages/online_adaptive_impedance_control_pkg-0.0.0-py3.10.egg-info
[0.680s] running install_scripts
[0.695s] Installing online_adaptive_impedance_control_node script to /home/runj/BRAIN/InteractiveSearchLocomotion/software/controller/interaction_control_modules/alpha/ros2_ws/install/online_adaptive_impedance_control_pkg/lib/online_adaptive_impedance_control_pkg
[0.696s] writing list of installed files to '/home/runj/BRAIN/InteractiveSearchLocomotion/software/controller/interaction_control_modules/alpha/ros2_ws/build/online_adaptive_impedance_control_pkg/install.log'
[0.711s] Invoked command in '/home/runj/BRAIN/InteractiveSearchLocomotion/software/controller/interaction_control_modules/alpha/ros2_ws/src/online_adaptive_impedance_control_pkg' returned '0': PYTHONPATH=/home/runj/BRAIN/InteractiveSearchLocomotion/software/controller/interaction_control_modules/alpha/ros2_ws/build/online_adaptive_impedance_control_pkg/prefix_override:/usr/lib/python3/dist-packages/colcon_core/task/python/colcon_distutils_commands:/home/runj/BRAIN/InteractiveSearchLocomotion/software/controller/interaction_control_modules/alpha/ros2_ws/install/online_adaptive_impedance_control_pkg/lib/python3.10/site-packages:${PYTHONPATH} /usr/bin/python3 -W ignore:setup.py install is deprecated -W ignore:easy_install command is deprecated setup.py egg_info --egg-base ../../build/online_adaptive_impedance_control_pkg build --build-base /home/runj/BRAIN/InteractiveSearchLocomotion/software/controller/interaction_control_modules/alpha/ros2_ws/build/online_adaptive_impedance_control_pkg/build install --record /home/runj/BRAIN/InteractiveSearchLocomotion/software/controller/interaction_control_modules/alpha/ros2_ws/build/online_adaptive_impedance_control_pkg/install.log --install-scripts $base/lib/online_adaptive_impedance_control_pkg --single-version-externally-managed install_data
