[1.560s] Invoking command in '/home/underwater_robot/BRAIN/InteractiveSearchLocomotion/software/controller/interaction_control_modules/alpha/ros2_ws/src/underwater_robot_pkg': DEBUGINFOD_URLS=https://debuginfod.ubuntu.com PYTHONPATH=/home/underwater_robot/BRAIN/InteractiveSearchLocomotion/software/controller/interaction_control_modules/alpha/ros2_ws/build/underwater_robot_pkg/prefix_override:/usr/lib/python3/dist-packages/colcon_core/task/python/colcon_distutils_commands:/home/underwater_robot/BRAIN/InteractiveSearchLocomotion/software/controller/interaction_control_modules/alpha/ros2_ws/install/underwater_robot_pkg/lib/python3.12/site-packages:${PYTHONPATH} /usr/bin/python3 -W ignore:setup.py install is deprecated -W ignore:easy_install command is deprecated setup.py egg_info --egg-base ../../build/underwater_robot_pkg build --build-base /home/underwater_robot/BRAIN/InteractiveSearchLocomotion/software/controller/interaction_control_modules/alpha/ros2_ws/build/underwater_robot_pkg/build install --record /home/underwater_robot/BRAIN/InteractiveSearchLocomotion/software/controller/interaction_control_modules/alpha/ros2_ws/build/underwater_robot_pkg/install.log --single-version-externally-managed install_data
[1.909s] running egg_info
[1.930s] writing ../../build/underwater_robot_pkg/underwater_robot_pkg.egg-info/PKG-INFO
[1.930s] writing dependency_links to ../../build/underwater_robot_pkg/underwater_robot_pkg.egg-info/dependency_links.txt
[1.931s] writing entry points to ../../build/underwater_robot_pkg/underwater_robot_pkg.egg-info/entry_points.txt
[1.931s] writing requirements to ../../build/underwater_robot_pkg/underwater_robot_pkg.egg-info/requires.txt
[1.931s] writing top-level names to ../../build/underwater_robot_pkg/underwater_robot_pkg.egg-info/top_level.txt
[1.971s] reading manifest file '../../build/underwater_robot_pkg/underwater_robot_pkg.egg-info/SOURCES.txt'
[1.972s] adding license file 'LICENSE'
[1.973s] writing manifest file '../../build/underwater_robot_pkg/underwater_robot_pkg.egg-info/SOURCES.txt'
[1.974s] running build
[1.974s] running build_py
[1.975s] copying underwater_robot_pkg/underwater_robot_node.py -> /home/underwater_robot/BRAIN/InteractiveSearchLocomotion/software/controller/interaction_control_modules/alpha/ros2_ws/build/underwater_robot_pkg/build/lib/underwater_robot_pkg
[1.975s] running install
[1.986s] running install_lib
[2.011s] copying /home/underwater_robot/BRAIN/InteractiveSearchLocomotion/software/controller/interaction_control_modules/alpha/ros2_ws/build/underwater_robot_pkg/build/lib/underwater_robot_pkg/underwater_robot_node.py -> /home/underwater_robot/BRAIN/InteractiveSearchLocomotion/software/controller/interaction_control_modules/alpha/ros2_ws/install/underwater_robot_pkg/lib/python3.12/site-packages/underwater_robot_pkg
[2.014s] byte-compiling /home/underwater_robot/BRAIN/InteractiveSearchLocomotion/software/controller/interaction_control_modules/alpha/ros2_ws/install/underwater_robot_pkg/lib/python3.12/site-packages/underwater_robot_pkg/underwater_robot_node.py to underwater_robot_node.cpython-312.pyc
[2.016s] running install_data
[2.016s] running install_egg_info
[2.039s] removing '/home/underwater_robot/BRAIN/InteractiveSearchLocomotion/software/controller/interaction_control_modules/alpha/ros2_ws/install/underwater_robot_pkg/lib/python3.12/site-packages/underwater_robot_pkg-0.0.0-py3.12.egg-info' (and everything under it)
[2.041s] Copying ../../build/underwater_robot_pkg/underwater_robot_pkg.egg-info to /home/underwater_robot/BRAIN/InteractiveSearchLocomotion/software/controller/interaction_control_modules/alpha/ros2_ws/install/underwater_robot_pkg/lib/python3.12/site-packages/underwater_robot_pkg-0.0.0-py3.12.egg-info
[2.041s] running install_scripts
[2.215s] Installing underwater_robot_node script to /home/underwater_robot/BRAIN/InteractiveSearchLocomotion/software/controller/interaction_control_modules/alpha/ros2_ws/install/underwater_robot_pkg/lib/underwater_robot_pkg
[2.215s] writing list of installed files to '/home/underwater_robot/BRAIN/InteractiveSearchLocomotion/software/controller/interaction_control_modules/alpha/ros2_ws/build/underwater_robot_pkg/install.log'
[2.369s] Invoked command in '/home/underwater_robot/BRAIN/InteractiveSearchLocomotion/software/controller/interaction_control_modules/alpha/ros2_ws/src/underwater_robot_pkg' returned '0': DEBUGINFOD_URLS=https://debuginfod.ubuntu.com PYTHONPATH=/home/underwater_robot/BRAIN/InteractiveSearchLocomotion/software/controller/interaction_control_modules/alpha/ros2_ws/build/underwater_robot_pkg/prefix_override:/usr/lib/python3/dist-packages/colcon_core/task/python/colcon_distutils_commands:/home/underwater_robot/BRAIN/InteractiveSearchLocomotion/software/controller/interaction_control_modules/alpha/ros2_ws/install/underwater_robot_pkg/lib/python3.12/site-packages:${PYTHONPATH} /usr/bin/python3 -W ignore:setup.py install is deprecated -W ignore:easy_install command is deprecated setup.py egg_info --egg-base ../../build/underwater_robot_pkg build --build-base /home/underwater_robot/BRAIN/InteractiveSearchLocomotion/software/controller/interaction_control_modules/alpha/ros2_ws/build/underwater_robot_pkg/build install --record /home/underwater_robot/BRAIN/InteractiveSearchLocomotion/software/controller/interaction_control_modules/alpha/ros2_ws/build/underwater_robot_pkg/install.log --single-version-externally-managed install_data
