[1.524s] Invoking command in '/home/underwater_robot/BRAIN/InteractiveSearchLocomotion/software/controller/interaction_control_modules/alpha/ros2_ws/src/underwater_robot_pkg': DEBUGINFOD_URLS=https://debuginfod.ubuntu.com PYTHONPATH=/home/underwater_robot/BRAIN/InteractiveSearchLocomotion/software/controller/interaction_control_modules/alpha/ros2_ws/build/underwater_robot_pkg/prefix_override:/usr/lib/python3/dist-packages/colcon_core/task/python/colcon_distutils_commands:/home/underwater_robot/BRAIN/InteractiveSearchLocomotion/software/controller/interaction_control_modules/alpha/ros2_ws/install/underwater_robot_pkg/lib/python3.12/site-packages:${PYTHONPATH} /usr/bin/python3 -W ignore:setup.py install is deprecated -W ignore:easy_install command is deprecated setup.py egg_info --egg-base ../../build/underwater_robot_pkg build --build-base /home/underwater_robot/BRAIN/InteractiveSearchLocomotion/software/controller/interaction_control_modules/alpha/ros2_ws/build/underwater_robot_pkg/build install --record /home/underwater_robot/BRAIN/InteractiveSearchLocomotion/software/controller/interaction_control_modules/alpha/ros2_ws/build/underwater_robot_pkg/install.log --single-version-externally-managed install_data
[1.862s] running egg_info
[1.882s] writing ../../build/underwater_robot_pkg/underwater_robot_pkg.egg-info/PKG-INFO
[1.883s] writing dependency_links to ../../build/underwater_robot_pkg/underwater_robot_pkg.egg-info/dependency_links.txt
[1.883s] writing entry points to ../../build/underwater_robot_pkg/underwater_robot_pkg.egg-info/entry_points.txt
[1.884s] writing requirements to ../../build/underwater_robot_pkg/underwater_robot_pkg.egg-info/requires.txt
[1.884s] writing top-level names to ../../build/underwater_robot_pkg/underwater_robot_pkg.egg-info/top_level.txt
[1.929s] reading manifest file '../../build/underwater_robot_pkg/underwater_robot_pkg.egg-info/SOURCES.txt'
[1.929s] adding license file 'LICENSE'
[1.930s] writing manifest file '../../build/underwater_robot_pkg/underwater_robot_pkg.egg-info/SOURCES.txt'
[1.930s] running build
[1.931s] running build_py
[1.931s] running install
[1.941s] running install_lib
[1.962s] running install_data
[1.962s] running install_egg_info
[1.985s] removing '/home/underwater_robot/BRAIN/InteractiveSearchLocomotion/software/controller/interaction_control_modules/alpha/ros2_ws/install/underwater_robot_pkg/lib/python3.12/site-packages/underwater_robot_pkg-0.0.0-py3.12.egg-info' (and everything under it)
[1.985s] Copying ../../build/underwater_robot_pkg/underwater_robot_pkg.egg-info to /home/underwater_robot/BRAIN/InteractiveSearchLocomotion/software/controller/interaction_control_modules/alpha/ros2_ws/install/underwater_robot_pkg/lib/python3.12/site-packages/underwater_robot_pkg-0.0.0-py3.12.egg-info
[1.987s] running install_scripts
[2.168s] Installing underwater_robot_node script to /home/underwater_robot/BRAIN/InteractiveSearchLocomotion/software/controller/interaction_control_modules/alpha/ros2_ws/install/underwater_robot_pkg/lib/underwater_robot_pkg
[2.170s] writing list of installed files to '/home/underwater_robot/BRAIN/InteractiveSearchLocomotion/software/controller/interaction_control_modules/alpha/ros2_ws/build/underwater_robot_pkg/install.log'
[2.277s] Invoked command in '/home/underwater_robot/BRAIN/InteractiveSearchLocomotion/software/controller/interaction_control_modules/alpha/ros2_ws/src/underwater_robot_pkg' returned '0': DEBUGINFOD_URLS=https://debuginfod.ubuntu.com PYTHONPATH=/home/underwater_robot/BRAIN/InteractiveSearchLocomotion/software/controller/interaction_control_modules/alpha/ros2_ws/build/underwater_robot_pkg/prefix_override:/usr/lib/python3/dist-packages/colcon_core/task/python/colcon_distutils_commands:/home/underwater_robot/BRAIN/InteractiveSearchLocomotion/software/controller/interaction_control_modules/alpha/ros2_ws/install/underwater_robot_pkg/lib/python3.12/site-packages:${PYTHONPATH} /usr/bin/python3 -W ignore:setup.py install is deprecated -W ignore:easy_install command is deprecated setup.py egg_info --egg-base ../../build/underwater_robot_pkg build --build-base /home/underwater_robot/BRAIN/InteractiveSearchLocomotion/software/controller/interaction_control_modules/alpha/ros2_ws/build/underwater_robot_pkg/build install --record /home/underwater_robot/BRAIN/InteractiveSearchLocomotion/software/controller/interaction_control_modules/alpha/ros2_ws/build/underwater_robot_pkg/install.log --single-version-externally-managed install_data
