[1.614s] Invoking command in '/home/underwater_robot/BRAIN/InteractiveSearchLocomotion/software/controller/interaction_control_modules/alpha/ros2_ws/src/online_adaptive_impedance_control_pkg': DEBUGINFOD_URLS=https://debuginfod.ubuntu.com PYTHONPATH=/home/underwater_robot/BRAIN/InteractiveSearchLocomotion/software/controller/interaction_control_modules/alpha/ros2_ws/build/online_adaptive_impedance_control_pkg/prefix_override:/usr/lib/python3/dist-packages/colcon_core/task/python/colcon_distutils_commands:/home/underwater_robot/BRAIN/InteractiveSearchLocomotion/software/controller/interaction_control_modules/alpha/ros2_ws/install/online_adaptive_impedance_control_pkg/lib/python3.12/site-packages:${PYTHONPATH} /usr/bin/python3 -W ignore:setup.py install is deprecated -W ignore:easy_install command is deprecated setup.py egg_info --egg-base ../../build/online_adaptive_impedance_control_pkg build --build-base /home/underwater_robot/BRAIN/InteractiveSearchLocomotion/software/controller/interaction_control_modules/alpha/ros2_ws/build/online_adaptive_impedance_control_pkg/build install --record /home/underwater_robot/BRAIN/InteractiveSearchLocomotion/software/controller/interaction_control_modules/alpha/ros2_ws/build/online_adaptive_impedance_control_pkg/install.log --install-scripts $base/lib/online_adaptive_impedance_control_pkg --single-version-externally-managed install_data
[1.897s] /usr/lib/python3/dist-packages/setuptools/dist.py:744: SetuptoolsDeprecationWarning: Invalid dash-separated options
[1.897s] !!
[1.897s] 
[1.898s]         ********************************************************************************
[1.898s]         Usage of dash-separated 'script-dir' will not be supported in future
[1.898s]         versions. Please use the underscore name 'script_dir' instead.
[1.898s] 
[1.898s]         This deprecation is overdue, please update your project and remove deprecated
[1.898s]         calls to avoid build errors in the future.
[1.898s] 
[1.898s]         See https://setuptools.pypa.io/en/latest/userguide/declarative_config.html for details.
[1.898s]         ********************************************************************************
[1.902s] 
[1.902s] !!
[1.902s]   opt = self.warn_dash_deprecation(opt, section)
[2.077s] running egg_info
[2.096s] writing ../../build/online_adaptive_impedance_control_pkg/online_adaptive_impedance_control_pkg.egg-info/PKG-INFO
[2.099s] writing dependency_links to ../../build/online_adaptive_impedance_control_pkg/online_adaptive_impedance_control_pkg.egg-info/dependency_links.txt
[2.099s] writing entry points to ../../build/online_adaptive_impedance_control_pkg/online_adaptive_impedance_control_pkg.egg-info/entry_points.txt
[2.099s] writing requirements to ../../build/online_adaptive_impedance_control_pkg/online_adaptive_impedance_control_pkg.egg-info/requires.txt
[2.100s] writing top-level names to ../../build/online_adaptive_impedance_control_pkg/online_adaptive_impedance_control_pkg.egg-info/top_level.txt
[2.145s] reading manifest file '../../build/online_adaptive_impedance_control_pkg/online_adaptive_impedance_control_pkg.egg-info/SOURCES.txt'
[2.147s] writing manifest file '../../build/online_adaptive_impedance_control_pkg/online_adaptive_impedance_control_pkg.egg-info/SOURCES.txt'
[2.147s] running build
[2.147s] running build_py
[2.148s] running install
[2.157s] running install_lib
[2.178s] running install_data
[2.178s] running install_egg_info
[2.201s] removing '/home/underwater_robot/BRAIN/InteractiveSearchLocomotion/software/controller/interaction_control_modules/alpha/ros2_ws/install/online_adaptive_impedance_control_pkg/lib/python3.12/site-packages/online_adaptive_impedance_control_pkg-0.0.0-py3.12.egg-info' (and everything under it)
[2.201s] Copying ../../build/online_adaptive_impedance_control_pkg/online_adaptive_impedance_control_pkg.egg-info to /home/underwater_robot/BRAIN/InteractiveSearchLocomotion/software/controller/interaction_control_modules/alpha/ros2_ws/install/online_adaptive_impedance_control_pkg/lib/python3.12/site-packages/online_adaptive_impedance_control_pkg-0.0.0-py3.12.egg-info
[2.203s] running install_scripts
[2.367s] Installing muscle_learning_node script to /home/underwater_robot/BRAIN/InteractiveSearchLocomotion/software/controller/interaction_control_modules/alpha/ros2_ws/install/online_adaptive_impedance_control_pkg/lib/online_adaptive_impedance_control_pkg
[2.367s] Installing online_adaptive_impedance_control_node script to /home/underwater_robot/BRAIN/InteractiveSearchLocomotion/software/controller/interaction_control_modules/alpha/ros2_ws/install/online_adaptive_impedance_control_pkg/lib/online_adaptive_impedance_control_pkg
[2.369s] writing list of installed files to '/home/underwater_robot/BRAIN/InteractiveSearchLocomotion/software/controller/interaction_control_modules/alpha/ros2_ws/build/online_adaptive_impedance_control_pkg/install.log'
[2.539s] Invoked command in '/home/underwater_robot/BRAIN/InteractiveSearchLocomotion/software/controller/interaction_control_modules/alpha/ros2_ws/src/online_adaptive_impedance_control_pkg' returned '0': DEBUGINFOD_URLS=https://debuginfod.ubuntu.com PYTHONPATH=/home/underwater_robot/BRAIN/InteractiveSearchLocomotion/software/controller/interaction_control_modules/alpha/ros2_ws/build/online_adaptive_impedance_control_pkg/prefix_override:/usr/lib/python3/dist-packages/colcon_core/task/python/colcon_distutils_commands:/home/underwater_robot/BRAIN/InteractiveSearchLocomotion/software/controller/interaction_control_modules/alpha/ros2_ws/install/online_adaptive_impedance_control_pkg/lib/python3.12/site-packages:${PYTHONPATH} /usr/bin/python3 -W ignore:setup.py install is deprecated -W ignore:easy_install command is deprecated setup.py egg_info --egg-base ../../build/online_adaptive_impedance_control_pkg build --build-base /home/underwater_robot/BRAIN/InteractiveSearchLocomotion/software/controller/interaction_control_modules/alpha/ros2_ws/build/online_adaptive_impedance_control_pkg/build install --record /home/underwater_robot/BRAIN/InteractiveSearchLocomotion/software/controller/interaction_control_modules/alpha/ros2_ws/build/online_adaptive_impedance_control_pkg/install.log --install-scripts $base/lib/online_adaptive_impedance_control_pkg --single-version-externally-managed install_data
