running egg_info
writing ../../build/underwater_robot_pkg/underwater_robot_pkg.egg-info/PKG-INFO
writing dependency_links to ../../build/underwater_robot_pkg/underwater_robot_pkg.egg-info/dependency_links.txt
writing entry points to ../../build/underwater_robot_pkg/underwater_robot_pkg.egg-info/entry_points.txt
writing requirements to ../../build/underwater_robot_pkg/underwater_robot_pkg.egg-info/requires.txt
writing top-level names to ../../build/underwater_robot_pkg/underwater_robot_pkg.egg-info/top_level.txt
reading manifest file '../../build/underwater_robot_pkg/underwater_robot_pkg.egg-info/SOURCES.txt'
adding license file 'LICENSE'
writing manifest file '../../build/underwater_robot_pkg/underwater_robot_pkg.egg-info/SOURCES.txt'
running build
running build_py
copying underwater_robot_pkg/muscle_model.py -> /home/runj/BRAIN/InteractiveSearchLocomotion/software/controller/interaction_control_modules/alpha/ros2_ws/build/underwater_robot_pkg/build/lib/underwater_robot_pkg
copying underwater_robot_pkg/underwater_robot_node.py -> /home/runj/BRAIN/InteractiveSearchLocomotion/software/controller/interaction_control_modules/alpha/ros2_ws/build/underwater_robot_pkg/build/lib/underwater_robot_pkg
running install
running install_lib
copying /home/runj/BRAIN/InteractiveSearchLocomotion/software/controller/interaction_control_modules/alpha/ros2_ws/build/underwater_robot_pkg/build/lib/underwater_robot_pkg/muscle_model.py -> /home/runj/BRAIN/InteractiveSearchLocomotion/software/controller/interaction_control_modules/alpha/ros2_ws/install/underwater_robot_pkg/lib/python3.10/site-packages/underwater_robot_pkg
copying /home/runj/BRAIN/InteractiveSearchLocomotion/software/controller/interaction_control_modules/alpha/ros2_ws/build/underwater_robot_pkg/build/lib/underwater_robot_pkg/underwater_robot_node.py -> /home/runj/BRAIN/InteractiveSearchLocomotion/software/controller/interaction_control_modules/alpha/ros2_ws/install/underwater_robot_pkg/lib/python3.10/site-packages/underwater_robot_pkg
byte-compiling /home/runj/BRAIN/InteractiveSearchLocomotion/software/controller/interaction_control_modules/alpha/ros2_ws/install/underwater_robot_pkg/lib/python3.10/site-packages/underwater_robot_pkg/muscle_model.py to muscle_model.cpython-310.pyc
byte-compiling /home/runj/BRAIN/InteractiveSearchLocomotion/software/controller/interaction_control_modules/alpha/ros2_ws/install/underwater_robot_pkg/lib/python3.10/site-packages/underwater_robot_pkg/underwater_robot_node.py to underwater_robot_node.cpython-310.pyc
running install_data
running install_egg_info
removing '/home/runj/BRAIN/InteractiveSearchLocomotion/software/controller/interaction_control_modules/alpha/ros2_ws/install/underwater_robot_pkg/lib/python3.10/site-packages/underwater_robot_pkg-0.0.0-py3.10.egg-info' (and everything under it)
Copying ../../build/underwater_robot_pkg/underwater_robot_pkg.egg-info to /home/runj/BRAIN/InteractiveSearchLocomotion/software/controller/interaction_control_modules/alpha/ros2_ws/install/underwater_robot_pkg/lib/python3.10/site-packages/underwater_robot_pkg-0.0.0-py3.10.egg-info
running install_scripts
Installing underwater_robot_node script to /home/runj/BRAIN/InteractiveSearchLocomotion/software/controller/interaction_control_modules/alpha/ros2_ws/install/underwater_robot_pkg/lib/underwater_robot_pkg
writing list of installed files to '/home/runj/BRAIN/InteractiveSearchLocomotion/software/controller/interaction_control_modules/alpha/ros2_ws/build/underwater_robot_pkg/install.log'
